<?xml version="1.0" encoding="UTF-8"?>
<!-- Generated by org.testng.reporters.JUnitReportReporter -->
<testsuite skipped="0" hostname="DESKTOP-IUQKEJS" name="com.salesforcetest.test.StartTest" tests="1" failures="0" timestamp="16 Feb 2019 07:45:55 GMT" time="0.290" errors="0">
  <testcase name="kill_chrome_driver_instance" time="0.290" classname="com.salesforcetest.test.StartTest"/>
</testsuite> <!-- com.salesforcetest.test.StartTest -->
