<?xml version="1.0" encoding="UTF-8"?>
<!-- Generated by org.testng.reporters.JUnitReportReporter -->
<testsuite skipped="0" hostname="DESKTOP-IUQKEJS" name="com.salesforcetest.test.ReportingTest" tests="1" failures="0" timestamp="16 Feb 2019 07:45:55 GMT" time="0.001" errors="0">
  <testcase name="reportTest" time="0.001" classname="com.salesforcetest.test.ReportingTest"/>
</testsuite> <!-- com.salesforcetest.test.ReportingTest -->
